{"/home/hasher/Avinash/react-vmc/src/App.tsx": {"path":"/home/hasher/Avinash/react-vmc/src/App.tsx","statementMap":{"0":{"start":{"line":12,"column":18},"end":{"line":12,"column":29}},"1":{"start":{"line":13,"column":36},"end":{"line":15,"column":4}},"2":{"start":{"line":16,"column":30},"end":{"line":16,"column":50}},"3":{"start":{"line":19,"column":29},"end":{"line":19,"column":43}},"4":{"start":{"line":20,"column":4},"end":{"line":29,"column":7}},"5":{"start":{"line":21,"column":26},"end":{"line":21,"column":40}},"6":{"start":{"line":22,"column":27},"end":{"line":22,"column":61}},"7":{"start":{"line":22,"column":55},"end":{"line":22,"column":60}},"8":{"start":{"line":24,"column":6},"end":{"line":25,"column":52}},"9":{"start":{"line":25,"column":8},"end":{"line":25,"column":52}},"10":{"start":{"line":27,"column":6},"end":{"line":27,"column":34}},"11":{"start":{"line":28,"column":6},"end":{"line":28,"column":15}},"12":{"start":{"line":30,"column":4},"end":{"line":30,"column":35}},"13":{"start":{"line":34,"column":4},"end":{"line":34,"column":19}},"14":{"start":{"line":37,"column":2},"end":{"line":60,"column":4}}},"fnMap":{"0":{"name":"App","decl":{"start":{"line":11,"column":9},"end":{"line":11,"column":12}},"loc":{"start":{"line":11,"column":15},"end":{"line":61,"column":1}},"line":11},"1":{"name":"handleEstimates","decl":{"start":{"line":18,"column":11},"end":{"line":18,"column":26}},"loc":{"start":{"line":18,"column":54},"end":{"line":31,"column":3}},"line":18},"2":{"name":"(anonymous_2)","decl":{"start":{"line":20,"column":17},"end":{"line":20,"column":18}},"loc":{"start":{"line":20,"column":42},"end":{"line":29,"column":5}},"line":20},"3":{"name":"(anonymous_3)","decl":{"start":{"line":22,"column":48},"end":{"line":22,"column":49}},"loc":{"start":{"line":22,"column":55},"end":{"line":22,"column":60}},"line":22},"4":{"name":"handleRegion","decl":{"start":{"line":33,"column":11},"end":{"line":33,"column":23}},"loc":{"start":{"line":33,"column":37},"end":{"line":35,"column":3}},"line":33}},"branchMap":{"0":{"loc":{"start":{"line":21,"column":26},"end":{"line":21,"column":40}},"type":"binary-expr","locations":[{"start":{"line":21,"column":26},"end":{"line":21,"column":35}},{"start":{"line":21,"column":39},"end":{"line":21,"column":40}}],"line":21},"1":{"loc":{"start":{"line":24,"column":6},"end":{"line":25,"column":52}},"type":"if","locations":[{"start":{"line":24,"column":6},"end":{"line":25,"column":52}},{"start":{"line":24,"column":6},"end":{"line":25,"column":52}}],"line":24}},"s":{"0":0,"1":0,"2":0,"3":0,"4":0,"5":0,"6":0,"7":0,"8":0,"9":0,"10":0,"11":0,"12":0,"13":0,"14":0},"f":{"0":0,"1":0,"2":0,"3":0,"4":0},"b":{"0":[0,0],"1":[0,0]}}
,"/home/hasher/Avinash/react-vmc/src/AppStyles.tsx": {"path":"/home/hasher/Avinash/react-vmc/src/AppStyles.tsx","statementMap":{"0":{"start":{"line":4,"column":2},"end":{"line":86,"column":4}}},"fnMap":{"0":{"name":"(anonymous_0)","decl":{"start":{"line":3,"column":26},"end":{"line":3,"column":27}},"loc":{"start":{"line":4,"column":2},"end":{"line":86,"column":4}},"line":4}},"branchMap":{},"s":{"0":0},"f":{"0":0},"b":{}}
,"/home/hasher/Avinash/react-vmc/src/CostEstimates.tsx": {"path":"/home/hasher/Avinash/react-vmc/src/CostEstimates.tsx","statementMap":{"0":{"start":{"line":12,"column":18},"end":{"line":12,"column":29}},"1":{"start":{"line":13,"column":21},"end":{"line":13,"column":52}},"2":{"start":{"line":13,"column":45},"end":{"line":13,"column":51}},"3":{"start":{"line":14,"column":18},"end":{"line":16,"column":3}},"4":{"start":{"line":15,"column":35},"end":{"line":15,"column":61}},"5":{"start":{"line":17,"column":2},"end":{"line":17,"column":74}},"6":{"start":{"line":19,"column":2},"end":{"line":40,"column":4}},"7":{"start":{"line":25,"column":19},"end":{"line":25,"column":32}},"8":{"start":{"line":26,"column":8},"end":{"line":26,"column":60}},"9":{"start":{"line":27,"column":8},"end":{"line":32,"column":10}}},"fnMap":{"0":{"name":"CardEstimates","decl":{"start":{"line":9,"column":24},"end":{"line":9,"column":37}},"loc":{"start":{"line":11,"column":16},"end":{"line":41,"column":1}},"line":11},"1":{"name":"(anonymous_1)","decl":{"start":{"line":13,"column":38},"end":{"line":13,"column":39}},"loc":{"start":{"line":13,"column":45},"end":{"line":13,"column":51}},"line":13},"2":{"name":"(anonymous_2)","decl":{"start":{"line":15,"column":4},"end":{"line":15,"column":5}},"loc":{"start":{"line":15,"column":35},"end":{"line":15,"column":61}},"line":15},"3":{"name":"(anonymous_3)","decl":{"start":{"line":24,"column":24},"end":{"line":24,"column":25}},"loc":{"start":{"line":24,"column":53},"end":{"line":33,"column":7}},"line":24}},"branchMap":{"0":{"loc":{"start":{"line":17,"column":14},"end":{"line":17,"column":73}},"type":"cond-expr","locations":[{"start":{"line":17,"column":33},"end":{"line":17,"column":42}},{"start":{"line":17,"column":45},"end":{"line":17,"column":73}}],"line":17},"1":{"loc":{"start":{"line":26,"column":15},"end":{"line":26,"column":59}},"type":"cond-expr","locations":[{"start":{"line":26,"column":29},"end":{"line":26,"column":33}},{"start":{"line":26,"column":36},"end":{"line":26,"column":59}}],"line":26}},"s":{"0":0,"1":0,"2":0,"3":0,"4":0,"5":0,"6":0,"7":0,"8":0,"9":0},"f":{"0":0,"1":0,"2":0,"3":0},"b":{"0":[0,0],"1":[0,0]}}
,"/home/hasher/Avinash/react-vmc/src/TabsContainer.tsx": {"path":"/home/hasher/Avinash/react-vmc/src/TabsContainer.tsx","statementMap":{"0":{"start":{"line":19,"column":22},"end":{"line":19,"column":66}},"1":{"start":{"line":20,"column":2},"end":{"line":40,"column":4}},"2":{"start":{"line":49,"column":18},"end":{"line":49,"column":29}},"3":{"start":{"line":50,"column":26},"end":{"line":50,"column":54}},"4":{"start":{"line":54,"column":4},"end":{"line":58,"column":5}},"5":{"start":{"line":55,"column":20},"end":{"line":55,"column":35}},"6":{"start":{"line":56,"column":6},"end":{"line":56,"column":48}},"7":{"start":{"line":56,"column":38},"end":{"line":56,"column":46}},"8":{"start":{"line":57,"column":6},"end":{"line":57,"column":23}},"9":{"start":{"line":62,"column":21},"end":{"line":66,"column":5}},"10":{"start":{"line":67,"column":4},"end":{"line":67,"column":35}},"11":{"start":{"line":71,"column":20},"end":{"line":71,"column":29}},"12":{"start":{"line":72,"column":4},"end":{"line":72,"column":50}},"13":{"start":{"line":73,"column":4},"end":{"line":73,"column":21}},"14":{"start":{"line":77,"column":20},"end":{"line":77,"column":29}},"15":{"start":{"line":78,"column":4},"end":{"line":78,"column":42}},"16":{"start":{"line":79,"column":4},"end":{"line":79,"column":21}},"17":{"start":{"line":82,"column":22},"end":{"line":82,"column":74}},"18":{"start":{"line":82,"column":39},"end":{"line":82,"column":73}},"19":{"start":{"line":83,"column":2},"end":{"line":118,"column":4}},"20":{"start":{"line":91,"column":10},"end":{"line":103,"column":12}},"21":{"start":{"line":102,"column":27},"end":{"line":102,"column":49}}},"fnMap":{"0":{"name":"getTabContent","decl":{"start":{"line":10,"column":9},"end":{"line":10,"column":22}},"loc":{"start":{"line":18,"column":2},"end":{"line":41,"column":1}},"line":18},"1":{"name":"TabsContainer","decl":{"start":{"line":43,"column":24},"end":{"line":43,"column":37}},"loc":{"start":{"line":48,"column":3},"end":{"line":119,"column":1}},"line":48},"2":{"name":"handleTabs","decl":{"start":{"line":52,"column":11},"end":{"line":52,"column":21}},"loc":{"start":{"line":52,"column":35},"end":{"line":59,"column":3}},"line":52},"3":{"name":"(anonymous_3)","decl":{"start":{"line":56,"column":31},"end":{"line":56,"column":32}},"loc":{"start":{"line":56,"column":38},"end":{"line":56,"column":46}},"line":56},"4":{"name":"handleSelectCard","decl":{"start":{"line":61,"column":11},"end":{"line":61,"column":27}},"loc":{"start":{"line":61,"column":56},"end":{"line":68,"column":3}},"line":61},"5":{"name":"handleNext","decl":{"start":{"line":70,"column":11},"end":{"line":70,"column":21}},"loc":{"start":{"line":70,"column":24},"end":{"line":74,"column":3}},"line":70},"6":{"name":"handleBefore","decl":{"start":{"line":76,"column":11},"end":{"line":76,"column":23}},"loc":{"start":{"line":76,"column":26},"end":{"line":80,"column":3}},"line":76},"7":{"name":"(anonymous_7)","decl":{"start":{"line":82,"column":32},"end":{"line":82,"column":33}},"loc":{"start":{"line":82,"column":39},"end":{"line":82,"column":73}},"line":82},"8":{"name":"(anonymous_8)","decl":{"start":{"line":90,"column":18},"end":{"line":90,"column":19}},"loc":{"start":{"line":91,"column":10},"end":{"line":103,"column":12}},"line":91},"9":{"name":"(anonymous_9)","decl":{"start":{"line":102,"column":21},"end":{"line":102,"column":22}},"loc":{"start":{"line":102,"column":27},"end":{"line":102,"column":49}},"line":102}},"branchMap":{"0":{"loc":{"start":{"line":22,"column":7},"end":{"line":38,"column":7}},"type":"cond-expr","locations":[{"start":{"line":23,"column":8},"end":{"line":27,"column":10}},{"start":{"line":28,"column":10},"end":{"line":38,"column":7}}],"line":22},"1":{"loc":{"start":{"line":28,"column":10},"end":{"line":38,"column":7}},"type":"cond-expr","locations":[{"start":{"line":29,"column":8},"end":{"line":33,"column":10}},{"start":{"line":34,"column":10},"end":{"line":38,"column":7}}],"line":28},"2":{"loc":{"start":{"line":34,"column":10},"end":{"line":38,"column":7}},"type":"cond-expr","locations":[{"start":{"line":35,"column":8},"end":{"line":35,"column":40}},{"start":{"line":37,"column":8},"end":{"line":37,"column":19}}],"line":34},"3":{"loc":{"start":{"line":54,"column":4},"end":{"line":58,"column":5}},"type":"if","locations":[{"start":{"line":54,"column":4},"end":{"line":58,"column":5}},{"start":{"line":54,"column":4},"end":{"line":58,"column":5}}],"line":54},"4":{"loc":{"start":{"line":54,"column":8},"end":{"line":54,"column":39}},"type":"binary-expr","locations":[{"start":{"line":54,"column":8},"end":{"line":54,"column":26}},{"start":{"line":54,"column":30},"end":{"line":54,"column":39}}],"line":54}},"s":{"0":0,"1":0,"2":0,"3":0,"4":0,"5":0,"6":0,"7":0,"8":0,"9":0,"10":0,"11":0,"12":0,"13":0,"14":0,"15":0,"16":0,"17":0,"18":0,"19":0,"20":0,"21":0},"f":{"0":0,"1":0,"2":0,"3":0,"4":0,"5":0,"6":0,"7":0,"8":0,"9":0},"b":{"0":[0,0],"1":[0,0],"2":[0,0],"3":[0,0],"4":[0,0]}}
,"/home/hasher/Avinash/react-vmc/src/index.tsx": {"path":"/home/hasher/Avinash/react-vmc/src/index.tsx","statementMap":{"0":{"start":{"line":7,"column":0},"end":{"line":12,"column":2}},"1":{"start":{"line":17,"column":0},"end":{"line":17,"column":18}}},"fnMap":{},"branchMap":{},"s":{"0":0,"1":0},"f":{},"b":{}}
,"/home/hasher/Avinash/react-vmc/src/reportWebVitals.ts": {"path":"/home/hasher/Avinash/react-vmc/src/reportWebVitals.ts","statementMap":{"0":{"start":{"line":3,"column":24},"end":{"line":13,"column":1}},"1":{"start":{"line":4,"column":2},"end":{"line":12,"column":3}},"2":{"start":{"line":5,"column":4},"end":{"line":11,"column":7}},"3":{"start":{"line":6,"column":6},"end":{"line":6,"column":26}},"4":{"start":{"line":7,"column":6},"end":{"line":7,"column":26}},"5":{"start":{"line":8,"column":6},"end":{"line":8,"column":26}},"6":{"start":{"line":9,"column":6},"end":{"line":9,"column":26}},"7":{"start":{"line":10,"column":6},"end":{"line":10,"column":27}}},"fnMap":{"0":{"name":"(anonymous_0)","decl":{"start":{"line":3,"column":24},"end":{"line":3,"column":25}},"loc":{"start":{"line":3,"column":57},"end":{"line":13,"column":1}},"line":3},"1":{"name":"(anonymous_1)","decl":{"start":{"line":5,"column":30},"end":{"line":5,"column":31}},"loc":{"start":{"line":5,"column":79},"end":{"line":11,"column":5}},"line":5}},"branchMap":{"0":{"loc":{"start":{"line":4,"column":2},"end":{"line":12,"column":3}},"type":"if","locations":[{"start":{"line":4,"column":2},"end":{"line":12,"column":3}},{"start":{"line":4,"column":2},"end":{"line":12,"column":3}}],"line":4},"1":{"loc":{"start":{"line":4,"column":6},"end":{"line":4,"column":52}},"type":"binary-expr","locations":[{"start":{"line":4,"column":6},"end":{"line":4,"column":17}},{"start":{"line":4,"column":21},"end":{"line":4,"column":52}}],"line":4}},"s":{"0":0,"1":0,"2":0,"3":0,"4":0,"5":0,"6":0,"7":0},"f":{"0":0,"1":0},"b":{"0":[0,0],"1":[0,0]}}
,"/home/hasher/Avinash/react-vmc/src/utils/constants.ts": {"path":"/home/hasher/Avinash/react-vmc/src/utils/constants.ts","statementMap":{"0":{"start":{"line":1,"column":22},"end":{"line":6,"column":1}},"1":{"start":{"line":8,"column":20},"end":{"line":14,"column":1}},"2":{"start":{"line":16,"column":30},"end":{"line":45,"column":1}},"3":{"start":{"line":47,"column":25},"end":{"line":50,"column":1}},"4":{"start":{"line":51,"column":36},"end":{"line":51,"column":62}},"5":{"start":{"line":52,"column":30},"end":{"line":86,"column":1}},"6":{"start":{"line":89,"column":31},"end":{"line":89,"column":35}},"7":{"start":{"line":90,"column":32},"end":{"line":94,"column":1}},"8":{"start":{"line":95,"column":37},"end":{"line":95,"column":54}}},"fnMap":{},"branchMap":{},"s":{"0":1,"1":1,"2":1,"3":1,"4":1,"5":1,"6":1,"7":1,"8":1},"f":{},"b":{},"_coverageSchema":"1a1c01bbd47fc00a2c39e90264f33305004495a9","hash":"a3f47c6b8bf7e2b012d7ecf98db24ad92d05758c"}
,"/home/hasher/Avinash/react-vmc/src/utils/types.ts": {"path":"/home/hasher/Avinash/react-vmc/src/utils/types.ts","statementMap":{},"fnMap":{},"branchMap":{},"s":{},"f":{},"b":{}}
,"/home/hasher/Avinash/react-vmc/src/utils/utils.js": {"path":"/home/hasher/Avinash/react-vmc/src/utils/utils.js","statementMap":{"0":{"start":{"line":3,"column":2},"end":{"line":3,"column":23}},"1":{"start":{"line":7,"column":19},"end":{"line":7,"column":21}},"2":{"start":{"line":8,"column":18},"end":{"line":8,"column":19}},"3":{"start":{"line":9,"column":2},"end":{"line":13,"column":5}},"4":{"start":{"line":10,"column":4},"end":{"line":10,"column":45}},"5":{"start":{"line":11,"column":4},"end":{"line":11,"column":38}},"6":{"start":{"line":12,"column":4},"end":{"line":12,"column":16}},"7":{"start":{"line":14,"column":2},"end":{"line":14,"column":57}},"8":{"start":{"line":15,"column":2},"end":{"line":15,"column":18}},"9":{"start":{"line":19,"column":17},"end":{"line":19,"column":36}},"10":{"start":{"line":20,"column":20},"end":{"line":20,"column":53}},"11":{"start":{"line":21,"column":2},"end":{"line":39,"column":3}},"12":{"start":{"line":22,"column":15},"end":{"line":25,"column":5}},"13":{"start":{"line":26,"column":4},"end":{"line":26,"column":47}},"14":{"start":{"line":28,"column":12},"end":{"line":28,"column":39}},"15":{"start":{"line":29,"column":4},"end":{"line":29,"column":26}},"16":{"start":{"line":30,"column":4},"end":{"line":34,"column":53}},"17":{"start":{"line":35,"column":4},"end":{"line":35,"column":24}},"18":{"start":{"line":36,"column":4},"end":{"line":36,"column":33}},"19":{"start":{"line":37,"column":4},"end":{"line":37,"column":14}},"20":{"start":{"line":38,"column":4},"end":{"line":38,"column":33}}},"fnMap":{"0":{"name":"isInt","decl":{"start":{"line":2,"column":16},"end":{"line":2,"column":21}},"loc":{"start":{"line":2,"column":27},"end":{"line":4,"column":1}},"line":2},"1":{"name":"estimatesToObj","decl":{"start":{"line":6,"column":16},"end":{"line":6,"column":30}},"loc":{"start":{"line":6,"column":42},"end":{"line":16,"column":1}},"line":6},"2":{"name":"(anonymous_2)","decl":{"start":{"line":9,"column":16},"end":{"line":9,"column":17}},"loc":{"start":{"line":9,"column":26},"end":{"line":13,"column":3}},"line":9},"3":{"name":"exportToJson","decl":{"start":{"line":18,"column":16},"end":{"line":18,"column":28}},"loc":{"start":{"line":18,"column":41},"end":{"line":40,"column":1}},"line":18}},"branchMap":{"0":{"loc":{"start":{"line":21,"column":2},"end":{"line":39,"column":3}},"type":"if","locations":[{"start":{"line":21,"column":2},"end":{"line":39,"column":3}},{"start":{"line":21,"column":2},"end":{"line":39,"column":3}}],"line":21},"1":{"loc":{"start":{"line":21,"column":6},"end":{"line":21,"column":59}},"type":"binary-expr","locations":[{"start":{"line":21,"column":6},"end":{"line":21,"column":22}},{"start":{"line":21,"column":26},"end":{"line":21,"column":59}}],"line":21}},"s":{"0":0,"1":0,"2":0,"3":0,"4":0,"5":0,"6":0,"7":0,"8":0,"9":0,"10":0,"11":0,"12":0,"13":0,"14":0,"15":0,"16":0,"17":0,"18":0,"19":0,"20":0},"f":{"0":0,"1":0,"2":0,"3":0},"b":{"0":[0,0],"1":[0,0]}}
,"/home/hasher/Avinash/react-vmc/src/widgets/Button.tsx": {"path":"/home/hasher/Avinash/react-vmc/src/widgets/Button.tsx","statementMap":{"0":{"start":{"line":12,"column":18},"end":{"line":12,"column":30}},"1":{"start":{"line":13,"column":2},"end":{"line":25,"column":4}},"2":{"start":{"line":21,"column":21},"end":{"line":21,"column":40}}},"fnMap":{"0":{"name":"Button","decl":{"start":{"line":7,"column":24},"end":{"line":7,"column":30}},"loc":{"start":{"line":11,"column":3},"end":{"line":26,"column":1}},"line":11},"1":{"name":"(anonymous_1)","decl":{"start":{"line":21,"column":15},"end":{"line":21,"column":16}},"loc":{"start":{"line":21,"column":21},"end":{"line":21,"column":40}},"line":21}},"branchMap":{},"s":{"0":2,"1":2,"2":1},"f":{"0":2,"1":1},"b":{},"_coverageSchema":"1a1c01bbd47fc00a2c39e90264f33305004495a9","hash":"20a72682cfb6425245dc4a94d5ab066429244cc7"}
,"/home/hasher/Avinash/react-vmc/src/widgets/ImageCards.tsx": {"path":"/home/hasher/Avinash/react-vmc/src/widgets/ImageCards.tsx","statementMap":{"0":{"start":{"line":37,"column":18},"end":{"line":37,"column":30}},"1":{"start":{"line":38,"column":2},"end":{"line":73,"column":4}},"2":{"start":{"line":46,"column":29},"end":{"line":46,"column":63}},"3":{"start":{"line":49,"column":14},"end":{"line":58,"column":16}},"4":{"start":{"line":86,"column":18},"end":{"line":86,"column":30}},"5":{"start":{"line":87,"column":32},"end":{"line":87,"column":65}},"6":{"start":{"line":90,"column":4},"end":{"line":90,"column":20}},"7":{"start":{"line":91,"column":4},"end":{"line":91,"column":53}},"8":{"start":{"line":96,"column":4},"end":{"line":105,"column":5}},"9":{"start":{"line":101,"column":6},"end":{"line":101,"column":33}},"10":{"start":{"line":103,"column":6},"end":{"line":103,"column":55}},"11":{"start":{"line":104,"column":6},"end":{"line":104,"column":25}},"12":{"start":{"line":108,"column":2},"end":{"line":125,"column":4}},"13":{"start":{"line":133,"column":18},"end":{"line":133,"column":30}},"14":{"start":{"line":134,"column":36},"end":{"line":134,"column":60}},"15":{"start":{"line":137,"column":4},"end":{"line":137,"column":23}},"16":{"start":{"line":140,"column":2},"end":{"line":172,"column":4}},"17":{"start":{"line":143,"column":8},"end":{"line":152,"column":10}},"18":{"start":{"line":167,"column":54},"end":{"line":167,"column":73}}},"fnMap":{"0":{"name":"BitsType","decl":{"start":{"line":31,"column":9},"end":{"line":31,"column":17}},"loc":{"start":{"line":36,"column":16},"end":{"line":74,"column":1}},"line":36},"1":{"name":"(anonymous_1)","decl":{"start":{"line":46,"column":22},"end":{"line":46,"column":23}},"loc":{"start":{"line":46,"column":29},"end":{"line":46,"column":63}},"line":46},"2":{"name":"(anonymous_2)","decl":{"start":{"line":48,"column":27},"end":{"line":48,"column":28}},"loc":{"start":{"line":49,"column":14},"end":{"line":58,"column":16}},"line":49},"3":{"name":"Card","decl":{"start":{"line":76,"column":9},"end":{"line":76,"column":13}},"loc":{"start":{"line":85,"column":3},"end":{"line":126,"column":1}},"line":85},"4":{"name":"handleBitsChange","decl":{"start":{"line":89,"column":11},"end":{"line":89,"column":27}},"loc":{"start":{"line":89,"column":41},"end":{"line":92,"column":3}},"line":89},"5":{"name":"handleSelectBtn","decl":{"start":{"line":94,"column":11},"end":{"line":94,"column":26}},"loc":{"start":{"line":94,"column":29},"end":{"line":106,"column":3}},"line":94},"6":{"name":"ImageCards","decl":{"start":{"line":128,"column":24},"end":{"line":128,"column":34}},"loc":{"start":{"line":132,"column":3},"end":{"line":173,"column":1}},"line":132},"7":{"name":"handleErrorModal","decl":{"start":{"line":136,"column":11},"end":{"line":136,"column":27}},"loc":{"start":{"line":136,"column":30},"end":{"line":138,"column":3}},"line":136},"8":{"name":"(anonymous_8)","decl":{"start":{"line":142,"column":26},"end":{"line":142,"column":27}},"loc":{"start":{"line":143,"column":8},"end":{"line":152,"column":10}},"line":143},"9":{"name":"(anonymous_9)","decl":{"start":{"line":167,"column":48},"end":{"line":167,"column":49}},"loc":{"start":{"line":167,"column":54},"end":{"line":167,"column":73}},"line":167}},"branchMap":{"0":{"loc":{"start":{"line":40,"column":7},"end":{"line":70,"column":7}},"type":"cond-expr","locations":[{"start":{"line":41,"column":8},"end":{"line":61,"column":22}},{"start":{"line":63,"column":8},"end":{"line":69,"column":20}}],"line":40},"1":{"loc":{"start":{"line":96,"column":4},"end":{"line":105,"column":5}},"type":"if","locations":[{"start":{"line":96,"column":4},"end":{"line":105,"column":5}},{"start":{"line":96,"column":4},"end":{"line":105,"column":5}}],"line":96},"2":{"loc":{"start":{"line":97,"column":6},"end":{"line":99,"column":53}},"type":"binary-expr","locations":[{"start":{"line":97,"column":6},"end":{"line":97,"column":19}},{"start":{"line":98,"column":7},"end":{"line":98,"column":64}},{"start":{"line":99,"column":8},"end":{"line":99,"column":52}}],"line":97},"3":{"loc":{"start":{"line":157,"column":11},"end":{"line":165,"column":11}},"type":"cond-expr","locations":[{"start":{"line":158,"column":12},"end":{"line":162,"column":16}},{"start":{"line":164,"column":12},"end":{"line":164,"column":41}}],"line":157}},"s":{"0":0,"1":0,"2":0,"3":0,"4":0,"5":0,"6":0,"7":0,"8":0,"9":0,"10":0,"11":0,"12":0,"13":0,"14":0,"15":0,"16":0,"17":0,"18":0},"f":{"0":0,"1":0,"2":0,"3":0,"4":0,"5":0,"6":0,"7":0,"8":0,"9":0},"b":{"0":[0,0],"1":[0,0],"2":[0,0,0],"3":[0,0]}}
,"/home/hasher/Avinash/react-vmc/src/widgets/InstanceTypes.tsx": {"path":"/home/hasher/Avinash/react-vmc/src/widgets/InstanceTypes.tsx","statementMap":{"0":{"start":{"line":12,"column":2},"end":{"line":12,"column":45}},"1":{"start":{"line":16,"column":2},"end":{"line":20,"column":46}},"2":{"start":{"line":28,"column":18},"end":{"line":28,"column":30}},"3":{"start":{"line":29,"column":30},"end":{"line":29,"column":61}},"4":{"start":{"line":31,"column":25},"end":{"line":31,"column":68}},"5":{"start":{"line":31,"column":52},"end":{"line":31,"column":67}},"6":{"start":{"line":32,"column":26},"end":{"line":34,"column":3}},"7":{"start":{"line":35,"column":30},"end":{"line":37,"column":3}},"8":{"start":{"line":39,"column":2},"end":{"line":42,"column":23}},"9":{"start":{"line":40,"column":4},"end":{"line":40,"column":38}},"10":{"start":{"line":41,"column":4},"end":{"line":41,"column":41}},"11":{"start":{"line":45,"column":22},"end":{"line":49,"column":5}},"12":{"start":{"line":50,"column":22},"end":{"line":54,"column":5}},"13":{"start":{"line":55,"column":4},"end":{"line":55,"column":45}},"14":{"start":{"line":56,"column":4},"end":{"line":56,"column":22}},"15":{"start":{"line":59,"column":2},"end":{"line":96,"column":4}},"16":{"start":{"line":63,"column":10},"end":{"line":70,"column":18}},"17":{"start":{"line":64,"column":27},"end":{"line":64,"column":45}},"18":{"start":{"line":90,"column":29},"end":{"line":90,"column":49}}},"fnMap":{"0":{"name":"generateCoreCost","decl":{"start":{"line":11,"column":9},"end":{"line":11,"column":25}},"loc":{"start":{"line":11,"column":52},"end":{"line":13,"column":1}},"line":11},"1":{"name":"generateMemoryCost","decl":{"start":{"line":15,"column":9},"end":{"line":15,"column":27}},"loc":{"start":{"line":15,"column":56},"end":{"line":21,"column":1}},"line":15},"2":{"name":"InstanceTypes","decl":{"start":{"line":23,"column":24},"end":{"line":23,"column":37}},"loc":{"start":{"line":27,"column":3},"end":{"line":97,"column":1}},"line":27},"3":{"name":"(anonymous_3)","decl":{"start":{"line":31,"column":45},"end":{"line":31,"column":46}},"loc":{"start":{"line":31,"column":52},"end":{"line":31,"column":67}},"line":31},"4":{"name":"(anonymous_4)","decl":{"start":{"line":39,"column":12},"end":{"line":39,"column":13}},"loc":{"start":{"line":39,"column":18},"end":{"line":42,"column":3}},"line":39},"5":{"name":"handleProceed","decl":{"start":{"line":44,"column":11},"end":{"line":44,"column":24}},"loc":{"start":{"line":44,"column":27},"end":{"line":57,"column":3}},"line":44},"6":{"name":"(anonymous_6)","decl":{"start":{"line":62,"column":28},"end":{"line":62,"column":29}},"loc":{"start":{"line":63,"column":10},"end":{"line":70,"column":18}},"line":63},"7":{"name":"(anonymous_7)","decl":{"start":{"line":64,"column":21},"end":{"line":64,"column":22}},"loc":{"start":{"line":64,"column":27},"end":{"line":64,"column":45}},"line":64},"8":{"name":"(anonymous_8)","decl":{"start":{"line":90,"column":23},"end":{"line":90,"column":24}},"loc":{"start":{"line":90,"column":29},"end":{"line":90,"column":49}},"line":90}},"branchMap":{"0":{"loc":{"start":{"line":12,"column":9},"end":{"line":12,"column":44}},"type":"cond-expr","locations":[{"start":{"line":12,"column":30},"end":{"line":12,"column":31}},{"start":{"line":12,"column":34},"end":{"line":12,"column":44}}],"line":12},"1":{"loc":{"start":{"line":16,"column":9},"end":{"line":20,"column":45}},"type":"cond-expr","locations":[{"start":{"line":17,"column":6},"end":{"line":17,"column":11}},{"start":{"line":18,"column":6},"end":{"line":20,"column":45}}],"line":16},"2":{"loc":{"start":{"line":18,"column":6},"end":{"line":20,"column":45}},"type":"cond-expr","locations":[{"start":{"line":19,"column":6},"end":{"line":19,"column":11}},{"start":{"line":20,"column":6},"end":{"line":20,"column":45}}],"line":18}},"s":{"0":0,"1":0,"2":0,"3":0,"4":0,"5":0,"6":0,"7":0,"8":0,"9":0,"10":0,"11":0,"12":0,"13":0,"14":0,"15":0,"16":0,"17":0,"18":0},"f":{"0":0,"1":0,"2":0,"3":0,"4":0,"5":0,"6":0,"7":0,"8":0},"b":{"0":[0,0],"1":[0,0],"2":[0,0]}}
,"/home/hasher/Avinash/react-vmc/src/widgets/Launch.tsx": {"path":"/home/hasher/Avinash/react-vmc/src/widgets/Launch.tsx","statementMap":{"0":{"start":{"line":8,"column":19},"end":{"line":8,"column":50}},"1":{"start":{"line":9,"column":2},"end":{"line":11,"column":4}},"2":{"start":{"line":10,"column":31},"end":{"line":10,"column":53}}},"fnMap":{"0":{"name":"Launch","decl":{"start":{"line":7,"column":24},"end":{"line":7,"column":30}},"loc":{"start":{"line":7,"column":70},"end":{"line":12,"column":1}},"line":7},"1":{"name":"(anonymous_1)","decl":{"start":{"line":10,"column":25},"end":{"line":10,"column":26}},"loc":{"start":{"line":10,"column":31},"end":{"line":10,"column":53}},"line":10}},"branchMap":{},"s":{"0":0,"1":0,"2":0},"f":{"0":0,"1":0},"b":{}}
,"/home/hasher/Avinash/react-vmc/src/widgets/RegionSelect.tsx": {"path":"/home/hasher/Avinash/react-vmc/src/widgets/RegionSelect.tsx","statementMap":{"0":{"start":{"line":15,"column":18},"end":{"line":30,"column":1}},"1":{"start":{"line":16,"column":2},"end":{"line":29,"column":4}},"2":{"start":{"line":37,"column":18},"end":{"line":37,"column":29}},"3":{"start":{"line":38,"column":23},"end":{"line":40,"column":3}},"4":{"start":{"line":39,"column":4},"end":{"line":39,"column":53}},"5":{"start":{"line":42,"column":18},"end":{"line":42,"column":65}},"6":{"start":{"line":44,"column":2},"end":{"line":63,"column":4}},"7":{"start":{"line":57,"column":10},"end":{"line":59,"column":21}}},"fnMap":{"0":{"name":"(anonymous_0)","decl":{"start":{"line":15,"column":29},"end":{"line":15,"column":30}},"loc":{"start":{"line":16,"column":2},"end":{"line":29,"column":4}},"line":16},"1":{"name":"RegionSelect","decl":{"start":{"line":32,"column":24},"end":{"line":32,"column":36}},"loc":{"start":{"line":36,"column":3},"end":{"line":64,"column":1}},"line":36},"2":{"name":"(anonymous_2)","decl":{"start":{"line":38,"column":23},"end":{"line":38,"column":24}},"loc":{"start":{"line":38,"column":73},"end":{"line":40,"column":3}},"line":38},"3":{"name":"(anonymous_3)","decl":{"start":{"line":56,"column":21},"end":{"line":56,"column":22}},"loc":{"start":{"line":57,"column":10},"end":{"line":59,"column":21}},"line":57}},"branchMap":{"0":{"loc":{"start":{"line":42,"column":18},"end":{"line":42,"column":65}},"type":"cond-expr","locations":[{"start":{"line":42,"column":43},"end":{"line":42,"column":56}},{"start":{"line":42,"column":59},"end":{"line":42,"column":65}}],"line":42}},"s":{"0":1,"1":2,"2":2,"3":2,"4":0,"5":2,"6":2,"7":4},"f":{"0":2,"1":2,"2":0,"3":4},"b":{"0":[2,0]},"_coverageSchema":"1a1c01bbd47fc00a2c39e90264f33305004495a9","hash":"815eb5829d83ca5ce212cf6e5e324a930b71292a"}
,"/home/hasher/Avinash/react-vmc/src/widgets/Select.tsx": {"path":"/home/hasher/Avinash/react-vmc/src/widgets/Select.tsx","statementMap":{"0":{"start":{"line":9,"column":18},"end":{"line":24,"column":1}},"1":{"start":{"line":10,"column":2},"end":{"line":23,"column":4}},"2":{"start":{"line":32,"column":18},"end":{"line":32,"column":29}},"3":{"start":{"line":33,"column":22},"end":{"line":33,"column":27}},"4":{"start":{"line":35,"column":23},"end":{"line":37,"column":3}},"5":{"start":{"line":36,"column":4},"end":{"line":36,"column":62}},"6":{"start":{"line":39,"column":2},"end":{"line":60,"column":4}},"7":{"start":{"line":54,"column":10},"end":{"line":56,"column":21}}},"fnMap":{"0":{"name":"(anonymous_0)","decl":{"start":{"line":9,"column":29},"end":{"line":9,"column":30}},"loc":{"start":{"line":10,"column":2},"end":{"line":23,"column":4}},"line":10},"1":{"name":"Select","decl":{"start":{"line":26,"column":24},"end":{"line":26,"column":30}},"loc":{"start":{"line":31,"column":16},"end":{"line":61,"column":1}},"line":31},"2":{"name":"(anonymous_2)","decl":{"start":{"line":35,"column":23},"end":{"line":35,"column":24}},"loc":{"start":{"line":35,"column":73},"end":{"line":37,"column":3}},"line":35},"3":{"name":"(anonymous_3)","decl":{"start":{"line":53,"column":22},"end":{"line":53,"column":23}},"loc":{"start":{"line":54,"column":10},"end":{"line":56,"column":21}},"line":54}},"branchMap":{},"s":{"0":1,"1":2,"2":2,"3":2,"4":2,"5":0,"6":2,"7":6},"f":{"0":2,"1":2,"2":0,"3":6},"b":{},"_coverageSchema":"1a1c01bbd47fc00a2c39e90264f33305004495a9","hash":"6c7943d764c06d2a4f0f1be1c86f5dc94d65ac11"}
,"/home/hasher/Avinash/react-vmc/src/widgets/WarningModal.tsx": {"path":"/home/hasher/Avinash/react-vmc/src/widgets/WarningModal.tsx","statementMap":{"0":{"start":{"line":10,"column":18},"end":{"line":10,"column":30}},"1":{"start":{"line":11,"column":26},"end":{"line":11,"column":60}},"2":{"start":{"line":13,"column":2},"end":{"line":15,"column":24}},"3":{"start":{"line":14,"column":4},"end":{"line":14,"column":29}},"4":{"start":{"line":17,"column":2},"end":{"line":28,"column":4}},"5":{"start":{"line":21,"column":21},"end":{"line":21,"column":35}}},"fnMap":{"0":{"name":"WarningModal","decl":{"start":{"line":6,"column":24},"end":{"line":6,"column":36}},"loc":{"start":{"line":9,"column":3},"end":{"line":29,"column":1}},"line":9},"1":{"name":"(anonymous_1)","decl":{"start":{"line":13,"column":12},"end":{"line":13,"column":13}},"loc":{"start":{"line":13,"column":18},"end":{"line":15,"column":3}},"line":13},"2":{"name":"(anonymous_2)","decl":{"start":{"line":21,"column":15},"end":{"line":21,"column":16}},"loc":{"start":{"line":21,"column":21},"end":{"line":21,"column":35}},"line":21}},"branchMap":{},"s":{"0":1,"1":1,"2":1,"3":1,"4":1,"5":0},"f":{"0":1,"1":1,"2":0},"b":{},"_coverageSchema":"1a1c01bbd47fc00a2c39e90264f33305004495a9","hash":"8395fbf9c056d4d6c3f38cc9a3ae69a8def7d2fa"}
,"/home/hasher/Avinash/react-vmc/src/widgets/index.tsx": {"path":"/home/hasher/Avinash/react-vmc/src/widgets/index.tsx","statementMap":{},"fnMap":{},"branchMap":{},"s":{},"f":{},"b":{}}
,"/home/hasher/Avinash/react-vmc/src/widgets/styles.tsx": {"path":"/home/hasher/Avinash/react-vmc/src/widgets/styles.tsx","statementMap":{"0":{"start":{"line":4,"column":2},"end":{"line":86,"column":4}}},"fnMap":{"0":{"name":"(anonymous_0)","decl":{"start":{"line":3,"column":26},"end":{"line":3,"column":27}},"loc":{"start":{"line":4,"column":2},"end":{"line":86,"column":4}},"line":4}},"branchMap":{},"s":{"0":3},"f":{"0":3},"b":{},"_coverageSchema":"1a1c01bbd47fc00a2c39e90264f33305004495a9","hash":"365e3e9f620ce9060a744743046a1bdd484e61b4"}
}
