TN:
SF:src/App.tsx
FN:11,App
FN:18,handleEstimates
FN:20,(anonymous_2)
FN:22,(anonymous_3)
FN:33,handleRegion
FNF:5
FNH:0
FNDA:0,App
FNDA:0,handleEstimates
FNDA:0,(anonymous_2)
FNDA:0,(anonymous_3)
FNDA:0,handleRegion
DA:12,0
DA:13,0
DA:16,0
DA:19,0
DA:20,0
DA:21,0
DA:22,0
DA:24,0
DA:25,0
DA:27,0
DA:28,0
DA:30,0
DA:34,0
DA:37,0
LF:14
LH:0
BRDA:21,0,0,0
BRDA:21,0,1,0
BRDA:24,1,0,0
BRDA:24,1,1,0
BRF:4
BRH:0
end_of_record
TN:
SF:src/AppStyles.tsx
FN:3,(anonymous_0)
FNF:1
FNH:0
FNDA:0,(anonymous_0)
DA:4,0
LF:1
LH:0
BRF:0
BRH:0
end_of_record
TN:
SF:src/CostEstimates.tsx
FN:9,CardEstimates
FN:13,(anonymous_1)
FN:15,(anonymous_2)
FN:24,(anonymous_3)
FNF:4
FNH:0
FNDA:0,CardEstimates
FNDA:0,(anonymous_1)
FNDA:0,(anonymous_2)
FNDA:0,(anonymous_3)
DA:12,0
DA:13,0
DA:14,0
DA:15,0
DA:17,0
DA:19,0
DA:25,0
DA:26,0
DA:27,0
LF:9
LH:0
BRDA:17,0,0,0
BRDA:17,0,1,0
BRDA:26,1,0,0
BRDA:26,1,1,0
BRF:4
BRH:0
end_of_record
TN:
SF:src/TabsContainer.tsx
FN:10,getTabContent
FN:43,TabsContainer
FN:52,handleTabs
FN:56,(anonymous_3)
FN:61,handleSelectCard
FN:70,handleNext
FN:76,handleBefore
FN:82,(anonymous_7)
FN:90,(anonymous_8)
FN:102,(anonymous_9)
FNF:10
FNH:0
FNDA:0,getTabContent
FNDA:0,TabsContainer
FNDA:0,handleTabs
FNDA:0,(anonymous_3)
FNDA:0,handleSelectCard
FNDA:0,handleNext
FNDA:0,handleBefore
FNDA:0,(anonymous_7)
FNDA:0,(anonymous_8)
FNDA:0,(anonymous_9)
DA:19,0
DA:20,0
DA:49,0
DA:50,0
DA:54,0
DA:55,0
DA:56,0
DA:57,0
DA:62,0
DA:67,0
DA:71,0
DA:72,0
DA:73,0
DA:77,0
DA:78,0
DA:79,0
DA:82,0
DA:83,0
DA:91,0
DA:102,0
LF:20
LH:0
BRDA:22,0,0,0
BRDA:22,0,1,0
BRDA:28,1,0,0
BRDA:28,1,1,0
BRDA:34,2,0,0
BRDA:34,2,1,0
BRDA:54,3,0,0
BRDA:54,3,1,0
BRDA:54,4,0,0
BRDA:54,4,1,0
BRF:10
BRH:0
end_of_record
TN:
SF:src/index.tsx
FNF:0
FNH:0
DA:7,0
DA:17,0
LF:2
LH:0
BRF:0
BRH:0
end_of_record
TN:
SF:src/reportWebVitals.ts
FN:3,(anonymous_0)
FN:5,(anonymous_1)
FNF:2
FNH:0
FNDA:0,(anonymous_0)
FNDA:0,(anonymous_1)
DA:3,0
DA:4,0
DA:5,0
DA:6,0
DA:7,0
DA:8,0
DA:9,0
DA:10,0
LF:8
LH:0
BRDA:4,0,0,0
BRDA:4,0,1,0
BRDA:4,1,0,0
BRDA:4,1,1,0
BRF:4
BRH:0
end_of_record
TN:
SF:src/utils/constants.ts
FNF:0
FNH:0
DA:1,1
DA:8,1
DA:16,1
DA:47,1
DA:51,1
DA:52,1
DA:89,1
DA:90,1
DA:95,1
LF:9
LH:9
BRF:0
BRH:0
end_of_record
TN:
SF:src/utils/types.ts
FNF:0
FNH:0
LF:0
LH:0
BRF:0
BRH:0
end_of_record
TN:
SF:src/utils/utils.js
FN:2,isInt
FN:6,estimatesToObj
FN:9,(anonymous_2)
FN:18,exportToJson
FNF:4
FNH:0
FNDA:0,isInt
FNDA:0,estimatesToObj
FNDA:0,(anonymous_2)
FNDA:0,exportToJson
DA:3,0
DA:7,0
DA:8,0
DA:9,0
DA:10,0
DA:11,0
DA:12,0
DA:14,0
DA:15,0
DA:19,0
DA:20,0
DA:21,0
DA:22,0
DA:26,0
DA:28,0
DA:29,0
DA:30,0
DA:35,0
DA:36,0
DA:37,0
DA:38,0
LF:21
LH:0
BRDA:21,0,0,0
BRDA:21,0,1,0
BRDA:21,1,0,0
BRDA:21,1,1,0
BRF:4
BRH:0
end_of_record
TN:
SF:src/widgets/Button.tsx
FN:7,Button
FN:21,(anonymous_1)
FNF:2
FNH:2
FNDA:2,Button
FNDA:1,(anonymous_1)
DA:12,2
DA:13,2
DA:21,1
LF:3
LH:3
BRF:0
BRH:0
end_of_record
TN:
SF:src/widgets/ImageCards.tsx
FN:31,BitsType
FN:46,(anonymous_1)
FN:48,(anonymous_2)
FN:76,Card
FN:89,handleBitsChange
FN:94,handleSelectBtn
FN:128,ImageCards
FN:136,handleErrorModal
FN:142,(anonymous_8)
FN:167,(anonymous_9)
FNF:10
FNH:0
FNDA:0,BitsType
FNDA:0,(anonymous_1)
FNDA:0,(anonymous_2)
FNDA:0,Card
FNDA:0,handleBitsChange
FNDA:0,handleSelectBtn
FNDA:0,ImageCards
FNDA:0,handleErrorModal
FNDA:0,(anonymous_8)
FNDA:0,(anonymous_9)
DA:37,0
DA:38,0
DA:46,0
DA:49,0
DA:86,0
DA:87,0
DA:90,0
DA:91,0
DA:96,0
DA:101,0
DA:103,0
DA:104,0
DA:108,0
DA:133,0
DA:134,0
DA:137,0
DA:140,0
DA:143,0
DA:167,0
LF:19
LH:0
BRDA:40,0,0,0
BRDA:40,0,1,0
BRDA:96,1,0,0
BRDA:96,1,1,0
BRDA:97,2,0,0
BRDA:97,2,1,0
BRDA:97,2,2,0
BRDA:157,3,0,0
BRDA:157,3,1,0
BRF:9
BRH:0
end_of_record
TN:
SF:src/widgets/InstanceTypes.tsx
FN:11,generateCoreCost
FN:15,generateMemoryCost
FN:23,InstanceTypes
FN:31,(anonymous_3)
FN:39,(anonymous_4)
FN:44,handleProceed
FN:62,(anonymous_6)
FN:64,(anonymous_7)
FN:90,(anonymous_8)
FNF:9
FNH:0
FNDA:0,generateCoreCost
FNDA:0,generateMemoryCost
FNDA:0,InstanceTypes
FNDA:0,(anonymous_3)
FNDA:0,(anonymous_4)
FNDA:0,handleProceed
FNDA:0,(anonymous_6)
FNDA:0,(anonymous_7)
FNDA:0,(anonymous_8)
DA:12,0
DA:16,0
DA:28,0
DA:29,0
DA:31,0
DA:32,0
DA:35,0
DA:39,0
DA:40,0
DA:41,0
DA:45,0
DA:50,0
DA:55,0
DA:56,0
DA:59,0
DA:63,0
DA:64,0
DA:90,0
LF:18
LH:0
BRDA:12,0,0,0
BRDA:12,0,1,0
BRDA:16,1,0,0
BRDA:16,1,1,0
BRDA:18,2,0,0
BRDA:18,2,1,0
BRF:6
BRH:0
end_of_record
TN:
SF:src/widgets/Launch.tsx
FN:7,Launch
FN:10,(anonymous_1)
FNF:2
FNH:0
FNDA:0,Launch
FNDA:0,(anonymous_1)
DA:8,0
DA:9,0
DA:10,0
LF:3
LH:0
BRF:0
BRH:0
end_of_record
TN:
SF:src/widgets/RegionSelect.tsx
FN:15,(anonymous_0)
FN:32,RegionSelect
FN:38,(anonymous_2)
FN:56,(anonymous_3)
FNF:4
FNH:3
FNDA:2,(anonymous_0)
FNDA:2,RegionSelect
FNDA:0,(anonymous_2)
FNDA:4,(anonymous_3)
DA:15,1
DA:16,2
DA:37,2
DA:38,2
DA:39,0
DA:42,2
DA:44,2
DA:57,4
LF:8
LH:7
BRDA:42,0,0,2
BRDA:42,0,1,0
BRF:2
BRH:1
end_of_record
TN:
SF:src/widgets/Select.tsx
FN:9,(anonymous_0)
FN:26,Select
FN:35,(anonymous_2)
FN:53,(anonymous_3)
FNF:4
FNH:3
FNDA:2,(anonymous_0)
FNDA:2,Select
FNDA:0,(anonymous_2)
FNDA:6,(anonymous_3)
DA:9,1
DA:10,2
DA:32,2
DA:33,2
DA:35,2
DA:36,0
DA:39,2
DA:54,6
LF:8
LH:7
BRF:0
BRH:0
end_of_record
TN:
SF:src/widgets/WarningModal.tsx
FN:6,WarningModal
FN:13,(anonymous_1)
FN:21,(anonymous_2)
FNF:3
FNH:2
FNDA:1,WarningModal
FNDA:1,(anonymous_1)
FNDA:0,(anonymous_2)
DA:10,1
DA:11,1
DA:13,1
DA:14,1
DA:17,1
DA:21,0
LF:6
LH:5
BRF:0
BRH:0
end_of_record
TN:
SF:src/widgets/index.tsx
FNF:0
FNH:0
LF:0
LH:0
BRF:0
BRH:0
end_of_record
TN:
SF:src/widgets/styles.tsx
FN:3,(anonymous_0)
FNF:1
FNH:1
FNDA:3,(anonymous_0)
DA:4,3
LF:1
LH:1
BRF:0
BRH:0
end_of_record
